%!Adobe-FontList 1.19
%Locale:0x401

%BeginFont
Handler:DirectoryHandler
FontType:TrueType
FontName:Montserrat-Regular
FamilyName:Montserrat
StyleName:Regular
FullName:Montserrat Regular
MenuName:Montserrat
StyleBits:0
WritingScript:Roman
OutlineFileName:C:\Users\sheikhMishar00\Desktop\my-app\public\assets\Font\Montserrat-Regular.ttf
DataFormat:sfntData
hasSVG:no
VariableFontType:NonVariableFont
FileLength:245708
FileModTime:1323712800
WeightClass:400
WidthClass:5
AngleClass:0
NameArray:0,Win,1,Montserrat
%EndFont

%BeginFont
Handler:DirectoryHandler
FontType:TrueType
FontName:Montserrat-SemiBold
FamilyName:Montserrat
StyleName:SemiBold
FullName:Montserrat SemiBold
MenuName:Montserrat SemiBold
StyleBits:0
WritingScript:Roman
OutlineFileName:C:\Users\sheikhMishar00\Desktop\my-app\public\assets\Font\Montserrat-SemiBold.ttf
DataFormat:sfntData
hasSVG:no
VariableFontType:NonVariableFont
FileLength:243816
FileModTime:1323712800
WeightClass:600
WidthClass:5
AngleClass:0
NameArray:0,Win,1,Montserrat SemiBold
NameArray:0,Win,16,Montserrat
%EndFont

